<?xml version="1.0" encoding="UTF-8"?>
<CEBuildRecord xmlns:xsi="http://www.w3.org/2001/XMLSchema-instance"><CEBuildClass GlobalName="Class[::AI]" BuildVersion="1242625507">
</CEBuildClass><CEBuildClass GlobalName="Class[::DBScript]" BuildVersion="1159152949">
</CEBuildClass><CEBuildClass GlobalName="Class[::DI2]" BuildVersion="1298878985">
</CEBuildClass><CEBuildClass GlobalName="Class[::AbsTimerScript]" BuildVersion="1159248666">
</CEBuildClass><CEBuildClass GlobalName="Class[::Stat_MaxMin]" BuildVersion="1289542350">
</CEBuildClass><CEBuildClass GlobalName="Class[::Variable]" BuildVersion="1276161075">
</CEBuildClass><CEBuildClass GlobalName="Class[::AO]" BuildVersion="1273129924">
</CEBuildClass><CEBuildClass GlobalName="Class[::DI]" BuildVersion="1298623129">
</CEBuildClass><CEBuildClass GlobalName="Class[::VIEX]" BuildVersion="1298622095">
</CEBuildClass><CEBuildClass GlobalName="Class[::ALM]" BuildVersion="1243936807">
</CEBuildClass><CEBuildClass GlobalName="Class[::VI8]" BuildVersion="1231832627">
</CEBuildClass><CEBuildClass GlobalName="Class[::Service]" BuildVersion="1359361549">
</CEBuildClass><CEBuildClass GlobalName="Class[::SI]" BuildVersion="1242625589">
</CEBuildClass><CEBuildClass GlobalName="Class[::DO]" BuildVersion="1280383874">
</CEBuildClass><CEBuildClass GlobalName="Class[::ALMV]" BuildVersion="1231833324">
</CEBuildClass><CEBuildClass GlobalName="Class[::Container]" BuildVersion="1356327829">
</CEBuildClass><CEBuildClass GlobalName="Class[::ALMD2]" BuildVersion="1298944353">
</CEBuildClass><CEBuildClass GlobalName="Class[::VI32]" BuildVersion="1298862111">
</CEBuildClass><CEBuildClass GlobalName="Class[::PA_Container]" BuildVersion="1168480376">
</CEBuildClass><CEBuildClass GlobalName="Class[::PeriodTimerScript]" BuildVersion="1159175974">
</CEBuildClass><CEBuildClass GlobalName="Class[::EQ]" BuildVersion="1356327648">
</CEBuildClass><CEBuildClass GlobalName="Class[::SO]" BuildVersion="1280383892">
</CEBuildClass><CEBuildClass GlobalName="Class[::VI]" BuildVersion="1300771923">
</CEBuildClass><CEBuildClass GlobalName="Class[::POINT]" BuildVersion="1278923069">
</CEBuildClass><CEBuildClass GlobalName="Class[::ALMA]" BuildVersion="1305515018">
</CEBuildClass><CEBuildClass GlobalName="Class[::NIC]" BuildVersion="1244685121">
</CEBuildClass><CEBuildClass GlobalName="Class[::ALMD]" BuildVersion="1280375277">
</CEBuildClass><CEBuildClass GlobalName="Class[CZMKZCX::EEPX]" BuildVersion="1414978300">
</CEBuildClass></CEBuildRecord>
